  engine_common.cpp
  engine_console_manip.cpp
  engine_control.cpp
  engine_file_finder.cpp
  engine_file_loader.cpp
  engine_input.cpp
  engine_queue.cpp
  engine_animation.cpp
  engine_camera.cpp
  engine_event.cpp
  engine_game_scene.cpp
  engine_mesh.cpp
  engine_model.cpp
  engine_physics.cpp
  engine_shader.cpp
  engine_sound.cpp
  engine_text.cpp
  engine_texture.cpp
  temp.cpp
  Generating Code...
  Pistonworks Engine.vcxproj -> E:\Solution Folder C++\Pistonworks Engine\x64\Release\Pistonworks Engine.lib
